TN:
SF:src\index.ts
FN:50,isBringValue
FN:59,isBringSchema
FN:65,isParseResult
FN:74,isPrimitive
FN:78,isObject
FN:82,isArray
FN:91,(anonymous_6)
FN:111,(anonymous_7)
FN:115,(anonymous_8)
FN:141,(anonymous_9)
FN:168,(anonymous_10)
FN:190,(anonymous_11)
FN:217,(anonymous_12)
FN:243,(anonymous_13)
FN:285,(anonymous_14)
FN:292,(anonymous_15)
FN:308,(anonymous_16)
FN:355,(anonymous_17)
FN:392,(anonymous_18)
FN:405,(anonymous_19)
FN:417,(anonymous_20)
FN:424,(anonymous_21)
FN:434,(anonymous_22)
FN:440,(anonymous_23)
FN:444,(anonymous_24)
FN:462,(anonymous_25)
FN:466,(anonymous_26)
FN:474,parse
FN:487,toObject
FN:511,(anonymous_29)
FN:522,toJSON
FN:532,extractAttributes
FN:535,extract
FN:549,(anonymous_33)
FNF:34
FNH:27
FNDA:58,isBringValue
FNDA:0,isBringSchema
FNDA:51,isParseResult
FNDA:0,isPrimitive
FNDA:0,isObject
FNDA:0,isArray
FNDA:6,(anonymous_6)
FNDA:20,(anonymous_7)
FNDA:20,(anonymous_8)
FNDA:47,(anonymous_9)
FNDA:59,(anonymous_10)
FNDA:8,(anonymous_11)
FNDA:5,(anonymous_12)
FNDA:1,(anonymous_13)
FNDA:50,(anonymous_14)
FNDA:3,(anonymous_15)
FNDA:20,(anonymous_16)
FNDA:21,(anonymous_17)
FNDA:57,(anonymous_18)
FNDA:213,(anonymous_19)
FNDA:1,(anonymous_20)
FNDA:131,(anonymous_21)
FNDA:79,(anonymous_22)
FNDA:2697,(anonymous_23)
FNDA:1326,(anonymous_24)
FNDA:2920,(anonymous_25)
FNDA:6,(anonymous_26)
FNDA:20,parse
FNDA:51,toObject
FNDA:14,(anonymous_29)
FNDA:1,toJSON
FNDA:0,extractAttributes
FNDA:0,extract
FNDA:0,(anonymous_33)
DA:50,1
DA:51,58
DA:59,1
DA:60,0
DA:65,1
DA:66,51
DA:74,1
DA:75,0
DA:78,1
DA:79,0
DA:82,1
DA:83,0
DA:86,1
DA:97,6
DA:98,6
DA:99,6
DA:100,6
DA:101,6
DA:105,1
DA:107,20
DA:108,20
DA:109,20
DA:112,20
DA:116,20
DA:118,20
DA:119,46
DA:120,46
DA:122,36
DA:123,1
DA:124,1
DA:127,35
DA:128,1
DA:129,1
DA:130,1
DA:131,1
DA:134,34
DA:135,28
DA:138,14
DA:142,47
DA:143,45
DA:145,45
DA:146,45
DA:147,0
DA:148,0
DA:149,0
DA:150,0
DA:151,0
DA:152,0
DA:153,0
DA:154,0
DA:157,45
DA:158,45
DA:159,45
DA:161,40
DA:162,0
DA:165,40
DA:169,59
DA:171,59
DA:172,8
DA:173,51
DA:174,5
DA:175,46
DA:176,19
DA:177,27
DA:178,19
DA:179,8
DA:180,3
DA:181,5
DA:182,1
DA:183,4
DA:184,2
DA:186,2
DA:191,8
DA:192,8
DA:194,8
DA:196,8
DA:197,13
DA:198,0
DA:199,0
DA:200,0
DA:203,13
DA:204,12
DA:206,12
DA:207,12
DA:208,3
DA:209,3
DA:213,7
DA:214,6
DA:218,5
DA:219,5
DA:221,5
DA:223,5
DA:224,14
DA:225,0
DA:226,0
DA:227,0
DA:230,14
DA:231,14
DA:233,14
DA:234,11
DA:235,11
DA:239,5
DA:240,5
DA:244,1
DA:245,1
DA:246,1
DA:247,1
DA:249,1
DA:251,1
DA:252,3
DA:253,0
DA:254,0
DA:255,0
DA:258,3
DA:259,3
DA:260,3
DA:261,3
DA:262,3
DA:263,3
DA:265,3
DA:266,3
DA:267,3
DA:268,3
DA:269,3
DA:270,3
DA:271,3
DA:272,3
DA:273,3
DA:274,3
DA:277,3
DA:278,3
DA:281,1
DA:282,1
DA:286,50
DA:287,0
DA:289,50
DA:293,3
DA:295,3
DA:296,1
DA:297,2
DA:298,2
DA:299,0
DA:300,0
DA:301,0
DA:302,0
DA:304,0
DA:309,20
DA:310,20
DA:311,20
DA:313,20
DA:314,122
DA:315,5
DA:316,5
DA:317,0
DA:319,5
DA:320,5
DA:322,1
DA:323,1
DA:325,0
DA:326,0
DA:328,0
DA:329,0
DA:331,2
DA:332,2
DA:334,2
DA:335,2
DA:337,0
DA:338,0
DA:340,0
DA:343,117
DA:347,20
DA:348,1
DA:351,19
DA:352,19
DA:356,21
DA:357,21
DA:359,21
DA:360,2
DA:363,21
DA:364,0
DA:367,21
DA:368,34
DA:371,21
DA:372,3
DA:373,3
DA:374,3
DA:375,0
DA:377,3
DA:378,8
DA:382,21
DA:383,21
DA:385,21
DA:386,0
DA:389,21
DA:393,57
DA:394,2
DA:397,55
DA:398,55
DA:399,227
DA:402,55
DA:406,213
DA:407,687
DA:408,60
DA:409,60
DA:411,627
DA:413,687
DA:418,1
DA:419,1
DA:420,18
DA:425,131
DA:426,85
DA:427,109
DA:429,85
DA:431,46
DA:435,79
DA:436,1
DA:441,2697
DA:445,1326
DA:446,0
DA:449,1326
DA:450,1326
DA:452,1326
DA:453,60
DA:454,60
DA:456,1266
DA:459,1326
DA:463,2920
DA:467,6
DA:474,1
DA:475,20
DA:476,20
DA:487,1
DA:489,51
DA:490,8
DA:491,8
DA:492,15
DA:493,15
DA:496,8
DA:500,43
DA:501,38
DA:503,28
DA:505,5
DA:506,5
DA:507,9
DA:509,5
DA:511,14
DA:516,5
DA:522,1
DA:526,1
DA:532,1
DA:533,0
DA:536,0
DA:537,0
DA:538,0
DA:539,0
DA:543,0
DA:544,0
DA:545,0
DA:546,0
DA:548,0
DA:549,0
DA:550,0
DA:551,0
DA:556,0
DA:557,0
DA:561,1
LF:266
LH:211
BRDA:52,0,0,58
BRDA:52,0,1,58
BRDA:52,0,2,58
BRDA:52,0,3,53
BRDA:61,1,0,0
BRDA:61,1,1,0
BRDA:61,1,2,0
BRDA:61,1,3,0
BRDA:67,2,0,51
BRDA:67,2,1,51
BRDA:67,2,2,51
BRDA:67,2,3,13
BRDA:93,3,0,0
BRDA:94,4,0,0
BRDA:95,5,0,0
BRDA:120,6,0,10
BRDA:122,7,0,1
BRDA:127,8,0,1
BRDA:161,9,0,0
BRDA:171,10,0,8
BRDA:171,10,1,51
BRDA:173,11,0,5
BRDA:173,11,1,46
BRDA:175,12,0,19
BRDA:175,12,1,27
BRDA:175,13,0,46
BRDA:175,13,1,28
BRDA:177,14,0,19
BRDA:177,14,1,8
BRDA:177,15,0,27
BRDA:177,15,1,10
BRDA:179,16,0,3
BRDA:179,16,1,5
BRDA:181,17,0,1
BRDA:181,17,1,4
BRDA:183,18,0,2
BRDA:183,18,1,2
BRDA:196,19,0,20
BRDA:196,19,1,19
BRDA:197,20,0,0
BRDA:207,21,0,3
BRDA:223,22,0,19
BRDA:223,22,1,19
BRDA:224,23,0,0
BRDA:233,24,0,11
BRDA:251,25,0,4
BRDA:251,25,1,4
BRDA:252,26,0,0
BRDA:286,27,0,0
BRDA:286,28,0,50
BRDA:286,28,1,50
BRDA:295,29,0,1
BRDA:295,29,1,2
BRDA:295,30,0,3
BRDA:295,30,1,2
BRDA:297,31,0,2
BRDA:297,31,1,0
BRDA:297,32,0,2
BRDA:297,32,1,0
BRDA:299,33,0,0
BRDA:299,33,1,0
BRDA:301,34,0,0
BRDA:301,34,1,0
BRDA:313,35,0,142
BRDA:313,35,1,141
BRDA:314,36,0,5
BRDA:314,36,1,117
BRDA:316,37,0,0
BRDA:320,38,0,1
BRDA:320,38,1,0
BRDA:320,38,2,0
BRDA:320,38,3,2
BRDA:320,38,4,2
BRDA:320,38,5,0
BRDA:320,38,6,0
BRDA:347,39,0,1
BRDA:359,40,0,2
BRDA:363,41,0,0
BRDA:367,42,0,55
BRDA:367,42,1,55
BRDA:371,43,0,3
BRDA:371,44,0,21
BRDA:371,44,1,21
BRDA:374,45,0,0
BRDA:377,46,0,11
BRDA:377,46,1,10
BRDA:383,47,0,3
BRDA:383,47,1,18
BRDA:385,48,0,0
BRDA:393,49,0,2
BRDA:398,50,0,282
BRDA:398,50,1,282
BRDA:406,51,0,900
BRDA:406,51,1,889
BRDA:407,52,0,60
BRDA:407,52,1,627
BRDA:419,53,0,19
BRDA:419,53,1,19
BRDA:425,54,0,85
BRDA:435,55,0,1
BRDA:441,56,0,2696
BRDA:441,56,1,1
BRDA:445,57,0,0
BRDA:452,58,0,60
BRDA:452,58,1,1266
BRDA:489,59,0,8
BRDA:492,60,0,15
BRDA:492,61,0,15
BRDA:492,61,1,15
BRDA:500,62,0,38
BRDA:501,63,0,28
BRDA:501,63,1,5
BRDA:501,63,2,5
BRDA:524,64,0,1
BRDA:535,65,0,0
BRDA:536,66,0,0
BRDA:538,67,0,0
BRDA:538,67,1,0
BRDA:543,68,0,0
BRDA:543,68,1,0
BRDA:545,69,0,0
BRDA:545,69,1,0
BRDA:548,70,0,0
BRDA:550,71,0,0
BRDA:550,71,1,0
BRF:125
BRH:87
end_of_record
